# JRE version: Java(TM) SE Runtime Environment (8.0_45-b15) (build 1.8.0_45-b15)
# Java VM: Java HotSpot(TM) 64-Bit Server VM (25.45-b02 mixed mode windows-amd64 compressed oops)
Heap:
 PSYoungGen      total 18944K, used 3946K [0x00000000eac00000, 0x00000000ec100000, 0x0000000100000000)
  eden space 16384K, 24% used [0x00000000eac00000,0x00000000eafda8f8,0x00000000ebc00000)
  from space 2560K, 0% used [0x00000000ebc00000,0x00000000ebc00000,0x00000000ebe80000)
  to   space 2560K, 0% used [0x00000000ebe80000,0x00000000ebe80000,0x00000000ec100000)
 ParOldGen       total 18944K, used 2349K [0x00000000c0400000, 0x00000000c1680000, 0x00000000eac00000)
  object space 18944K, 12% used [0x00000000c0400000,0x00000000c064b440,0x00000000c1680000)
 Metaspace       used 14424K, capacity 14624K, committed 14848K, reserved 1062912K
  class space    used 1933K, capacity 2019K, committed 2048K, reserved 1048576K
GC Heap History (4 events):
Event: 3.400 GC heap before
{Heap before GC invocations=1 (full 0):
 PSYoungGen      total 18944K, used 8542K [0x00000000eac00000, 0x00000000ec100000, 0x0000000100000000)
  eden space 16384K, 52% used [0x00000000eac00000,0x00000000eb457810,0x00000000ebc00000)
  from space 2560K, 0% used [0x00000000ebe80000,0x00000000ebe80000,0x00000000ec100000)
  to   space 2560K, 0% used [0x00000000ebc00000,0x00000000ebc00000,0x00000000ebe80000)
 ParOldGen       total 44032K, used 0K [0x00000000c0400000, 0x00000000c2f00000, 0x00000000eac00000)
  object space 44032K, 0% used [0x00000000c0400000,0x00000000c0400000,0x00000000c2f00000)
 Metaspace       used 12174K, capacity 12322K, committed 12416K, reserved 1064960K
  class space    used 1588K, capacity 1664K, committed 1664K, reserved 1048576K
Event: 3.404 GC heap after
Heap after GC invocations=1 (full 0):
 PSYoungGen      total 18944K, used 2464K [0x00000000eac00000, 0x00000000ec100000, 0x0000000100000000)
  eden space 16384K, 0% used [0x00000000eac00000,0x00000000eac00000,0x00000000ebc00000)
  from space 2560K, 96% used [0x00000000ebc00000,0x00000000ebe68000,0x00000000ebe80000)
  to   space 2560K, 0% used [0x00000000ebe80000,0x00000000ebe80000,0x00000000ec100000)
 ParOldGen       total 44032K, used 8K [0x00000000c0400000, 0x00000000c2f00000, 0x00000000eac00000)
  object space 44032K, 0% used [0x00000000c0400000,0x00000000c0402000,0x00000000c2f00000)
 Metaspace       used 12174K, capacity 12322K, committed 12416K, reserved 1064960K
  class space    used 1588K, capacity 1664K, committed 1664K, reserved 1048576K
}
Event: 3.404 GC heap before
{Heap before GC invocations=2 (full 1):
 PSYoungGen      total 18944K, used 2464K [0x00000000eac00000, 0x00000000ec100000, 0x0000000100000000)
  eden space 16384K, 0% used [0x00000000eac00000,0x00000000eac00000,0x00000000ebc00000)
  from space 2560K, 96% used [0x00000000ebc00000,0x00000000ebe68000,0x00000000ebe80000)
  to   space 2560K, 0% used [0x00000000ebe80000,0x00000000ebe80000,0x00000000ec100000)
 ParOldGen       total 44032K, used 8K [0x00000000c0400000, 0x00000000c2f00000, 0x00000000eac00000)
  object space 44032K, 0% used [0x00000000c0400000,0x00000000c0402000,0x00000000c2f00000)
 Metaspace       used 12174K, capacity 12322K, committed 12416K, reserved 1064960K
  class space    used 1588K, capacity 1664K, committed 1664K, reserved 1048576K
Event: 3.425 GC heap after
Heap after GC invocations=2 (full 1):
 PSYoungGen      total 18944K, used 0K [0x00000000eac00000, 0x00000000ec100000, 0x0000000100000000)
  eden space 16384K, 0% used [0x00000000eac00000,0x00000000eac00000,0x00000000ebc00000)
  from space 2560K, 0% used [0x00000000ebc00000,0x00000000ebc00000,0x00000000ebe80000)
  to   space 2560K, 0% used [0x00000000ebe80000,0x00000000ebe80000,0x00000000ec100000)
 ParOldGen       total 18944K, used 2349K [0x00000000c0400000, 0x00000000c1680000, 0x00000000eac00000)
  object space 18944K, 12% used [0x00000000c0400000,0x00000000c064b440,0x00000000c1680000)
 Metaspace       used 12174K, capacity 12322K, committed 12416K, reserved 1062912K
  class space    used 1588K, capacity 1664K, committed 1664K, reserved 1048576K
}

